/Users/sergeybarabash/robo/yarobot_control_unit/firmware/components/control/tasks/task_stubs.c:21:10: fatal error: test_utils.h: No such file or directory
   21 | #include "test_utils.h"
      |          ^~~~~~~~~~~~~~
compilation terminated.
make[2]: *** [esp-idf/control/CMakeFiles/__idf_control.dir/tasks/task_stubs.c.obj] Error 1
make[2]: *** Waiting for unfinished jobs....
make[1]: *** [esp-idf/control/CMakeFiles/__idf_control.dir/all] Error 2
make: *** [all] Error 2
