CMake Error at run_serial_tool.cmake:67 (message):
  
  /Users/sergeybarabash/.espressif/python_env/idf5.4_py3.13_env/bin/python;;/Users/sergeybarabash/robo/esp/v5.4/esp-idf/components/esptool_py/esptool/esptool.py;--chip;esp32s3
  failed.



make[3]: *** [CMakeFiles/flash] Error 1
make[2]: *** [CMakeFiles/flash.dir/all] Error 2
make[1]: *** [CMakeFiles/flash.dir/rule] Error 2
make: *** [flash] Error 2
